Date: 2026-04-30T20:28:06.511Z
Method: POST
Route: /api/auth/forgot-password
Status: 500
Message: connect ECONNREFUSED 127.0.0.1:587
Stack: Error: connect ECONNREFUSED 127.0.0.1:587
    at TCPConnectWrap.afterConnect [as oncomplete] (node:net:1636:16)
--------------------------------------------------
Date: 2026-04-30T20:51:38.154Z
Method: POST
Route: /api/auth/forgot-password
Status: 500
Message: connect ECONNREFUSED 127.0.0.1:587
Stack: Error: connect ECONNREFUSED 127.0.0.1:587
    at TCPConnectWrap.afterConnect [as oncomplete] (node:net:1636:16)
--------------------------------------------------
Date: 2026-04-30T20:53:33.138Z
Method: POST
Route: /api/auth/forgot-password
Status: 500
Message: connect ECONNREFUSED 127.0.0.1:587
Stack: Error: connect ECONNREFUSED 127.0.0.1:587
    at TCPConnectWrap.afterConnect [as oncomplete] (node:net:1636:16)
--------------------------------------------------
Date: 2026-04-30T20:55:30.462Z
Method: POST
Route: /api/auth/forgot-password
Status: 500
Message: SMTP não configurado.
Stack: Error: SMTP não configurado.
    at sendResetPasswordEmail (file:///C:/Users/ACER/Downloads/Zenvra-main/Zenvra-main/backend/src/services/email.service.js:24:11)
    at forgotPassword (file:///C:/Users/ACER/Downloads/Zenvra-main/Zenvra-main/backend/src/controllers/auth.controller.js:125:12)
--------------------------------------------------
Date: 2026-04-30T20:56:12.981Z
Method: POST
Route: /api/auth/forgot-password
Status: 500
Message: SMTP não configurado.
Stack: Error: SMTP não configurado.
    at sendResetPasswordEmail (file:///C:/Users/ACER/Downloads/Zenvra-main/Zenvra-main/backend/src/services/email.service.js:24:11)
    at forgotPassword (file:///C:/Users/ACER/Downloads/Zenvra-main/Zenvra-main/backend/src/controllers/auth.controller.js:125:12)
--------------------------------------------------
Date: 2026-04-30T20:57:14.252Z
Method: POST
Route: /api/auth/forgot-password
Status: 500
Message: Invalid login: 535-5.7.8 Username and Password not accepted. For more information, go to
535 5.7.8  https://support.google.com/mail/?p=BadCredentials d75a77b69052e-5103e3eba1dsm1518331cf.1 - gsmtp
Stack: Error: Invalid login: 535-5.7.8 Username and Password not accepted. For more information, go to
535 5.7.8  https://support.google.com/mail/?p=BadCredentials d75a77b69052e-5103e3eba1dsm1518331cf.1 - gsmtp
    at SMTPConnection._formatError (C:\Users\ACER\Downloads\Zenvra-main\Zenvra-main\backend\node_modules\nodemailer\lib\smtp-connection\index.js:887:19)
    at SMTPConnection._actionAUTHComplete (C:\Users\ACER\Downloads\Zenvra-main\Zenvra-main\backend\node_modules\nodemailer\lib\smtp-connection\index.js:1695:34)
    at SMTPConnection.<anonymous> (C:\Users\ACER\Downloads\Zenvra-main\Zenvra-main\backend\node_modules\nodemailer\lib\smtp-connection\index.js:626:26)
    at SMTPConnection._processResponse (C:\Users\ACER\Downloads\Zenvra-main\Zenvra-main\backend\node_modules\nodemailer\lib\smtp-connection\index.js:1072:20)
    at SMTPConnection._onData (C:\Users\ACER\Downloads\Zenvra-main\Zenvra-main\backend\node_modules\nodemailer\lib\smtp-connection\index.js:847:14)
    at SMTPConnection._onSocketData (C:\Users\ACER\Downloads\Zenvra-main\Zenvra-main\backend\node_modules\nodemailer\lib\smtp-connection\index.js:217:44)
    at TLSSocket.emit (node:events:518:28)
    at addChunk (node:internal/streams/readable:561:12)
    at readableAddChunkPushByteMode (node:internal/streams/readable:512:3)
    at Readable.push (node:internal/streams/readable:392:5)
--------------------------------------------------
